<?xml version="1.0" encoding="UTF-8"?>
<!-- Generated by org.testng.reporters.JUnitXMLReporter -->
<testsuite hostname="BDC6-DX-6BYDNK2" ignored="0" name="Default test" tests="4" failures="0" timestamp="23 Sep 2019 09:05:15 GMT" time="25.619" errors="0">
  <testcase name="testRegistration" time="2.918" classname="testmeapp.tests.OnlineShoppingTest"/>
  <testcase name="testLogin" time="0.79" classname="testmeapp.tests.OnlineShoppingTest"/>
  <testcase name="testCart" time="3.269" classname="testmeapp.tests.OnlineShoppingTest"/>
  <testcase name="testPayment" time="9.624" classname="testmeapp.tests.OnlineShoppingTest"/>
</testsuite> <!-- Default test -->
